C:\WORK\60-VIDEO\VE\VEPRO\PRJ_WIN32\GENERATEDFILES\QRC_STYLE.CPP
C:\WORK\60-VIDEO\VE\VEPRO\PRJ_WIN32\GENERATEDFILES\QRC_VSCMAINWINDOWS.CPP
C:\WORK\60-VIDEO\VE\VEPRO\PRJ_WIN32\GENERATEDFILES\RELEASE\MOC_FACTORY.CPP
C:\WORK\60-VIDEO\VE\VEPRO\PRJ_WIN32\GENERATEDFILES\RELEASE\MOC_QNETWORKINFO.CPP
C:\WORK\60-VIDEO\VE\VEPRO\PRJ_WIN32\GENERATEDFILES\RELEASE\MOC_QNETWORKINFO_WIN_P.CPP
C:\WORK\60-VIDEO\VE\VEPRO\PRJ_WIN32\GENERATEDFILES\RELEASE\MOC_QSTORAGEINFO.CPP
C:\WORK\60-VIDEO\VE\VEPRO\PRJ_WIN32\GENERATEDFILES\RELEASE\MOC_QSTORAGEINFO_WIN_P.CPP
C:\WORK\60-VIDEO\VE\VEPRO\PRJ_WIN32\GENERATEDFILES\RELEASE\MOC_QWMIHELPER_WIN_P.CPP
C:\WORK\60-VIDEO\VE\VEPRO\PRJ_WIN32\GENERATEDFILES\RELEASE\MOC_VIDEOWIDGET.CPP
C:\WORK\60-VIDEO\VE\VEPRO\PRJ_WIN32\GENERATEDFILES\RELEASE\MOC_VSCCAMERAADD.CPP
C:\WORK\60-VIDEO\VE\VEPRO\PRJ_WIN32\GENERATEDFILES\RELEASE\MOC_VSCDEVICELIST.CPP
C:\WORK\60-VIDEO\VE\VEPRO\PRJ_WIN32\GENERATEDFILES\RELEASE\MOC_VSCDEVICETRASH.CPP
C:\WORK\60-VIDEO\VE\VEPRO\PRJ_WIN32\GENERATEDFILES\RELEASE\MOC_VSCDEVICETREE.CPP
C:\WORK\60-VIDEO\VE\VEPRO\PRJ_WIN32\GENERATEDFILES\RELEASE\MOC_VSCDOCKWIDGET.CPP
C:\WORK\60-VIDEO\VE\VEPRO\PRJ_WIN32\GENERATEDFILES\RELEASE\MOC_VSCHDDDEVICE.CPP
C:\WORK\60-VIDEO\VE\VEPRO\PRJ_WIN32\GENERATEDFILES\RELEASE\MOC_VSCHDDEDIT.CPP
C:\WORK\60-VIDEO\VE\VEPRO\PRJ_WIN32\GENERATEDFILES\RELEASE\MOC_VSCHDDONE.CPP
C:\WORK\60-VIDEO\VE\VEPRO\PRJ_WIN32\GENERATEDFILES\RELEASE\MOC_VSCLICENSE.CPP
C:\WORK\60-VIDEO\VE\VEPRO\PRJ_WIN32\GENERATEDFILES\RELEASE\MOC_VSCMAINWINDOWS.CPP
C:\WORK\60-VIDEO\VE\VEPRO\PRJ_WIN32\GENERATEDFILES\RELEASE\MOC_VSCPBTHREAD.CPP
C:\WORK\60-VIDEO\VE\VEPRO\PRJ_WIN32\GENERATEDFILES\RELEASE\MOC_VSCPLAYBACK.CPP
C:\WORK\60-VIDEO\VE\VEPRO\PRJ_WIN32\GENERATEDFILES\RELEASE\MOC_VSCPLAYCONTROL.CPP
C:\WORK\60-VIDEO\VE\VEPRO\PRJ_WIN32\GENERATEDFILES\RELEASE\MOC_VSCRECORDER.CPP
C:\WORK\60-VIDEO\VE\VEPRO\PRJ_WIN32\GENERATEDFILES\RELEASE\MOC_VSCRECORDERADD.CPP
C:\WORK\60-VIDEO\VE\VEPRO\PRJ_WIN32\GENERATEDFILES\RELEASE\MOC_VSCRECORDERCONF.CPP
C:\WORK\60-VIDEO\VE\VEPRO\PRJ_WIN32\GENERATEDFILES\RELEASE\MOC_VSCRECORDERONE.CPP
C:\WORK\60-VIDEO\VE\VEPRO\PRJ_WIN32\GENERATEDFILES\RELEASE\MOC_VSCRECORDERPANEL.CPP
C:\WORK\60-VIDEO\VE\VEPRO\PRJ_WIN32\GENERATEDFILES\RELEASE\MOC_VSCSEARCH.CPP
C:\WORK\60-VIDEO\VE\VEPRO\PRJ_WIN32\GENERATEDFILES\RELEASE\MOC_VSCSEARCHPB.CPP
C:\WORK\60-VIDEO\VE\VEPRO\PRJ_WIN32\GENERATEDFILES\RELEASE\MOC_VSCSETTING.CPP
C:\WORK\60-VIDEO\VE\VEPRO\PRJ_WIN32\GENERATEDFILES\RELEASE\MOC_VSCSIMPLETL.CPP
C:\WORK\60-VIDEO\VE\VEPRO\PRJ_WIN32\GENERATEDFILES\RELEASE\MOC_VSCSITEADD.CPP
C:\WORK\60-VIDEO\VE\VEPRO\PRJ_WIN32\GENERATEDFILES\RELEASE\MOC_VSCTOOLBAR.CPP
C:\WORK\60-VIDEO\VE\VEPRO\PRJ_WIN32\GENERATEDFILES\RELEASE\MOC_VSCVERSION.CPP
C:\WORK\60-VIDEO\VE\VEPRO\PRJ_WIN32\GENERATEDFILES\RELEASE\MOC_VSCVIDEOWALL.CPP
C:\WORK\60-VIDEO\VE\VEPRO\PRJ_WIN32\GENERATEDFILES\RELEASE\MOC_VSCVIEW.CPP
C:\WORK\60-VIDEO\VE\VEPRO\PRJ_WIN32\GENERATEDFILES\RELEASE\MOC_VSCVMS.CPP
C:\WORK\60-VIDEO\VE\VEPRO\PRJ_WIN32\GENERATEDFILES\RELEASE\MOC_VSCVWIDGET.CPP
C:\WORK\60-VIDEO\VE\VEPRO\PRJ_WIN32\GENERATEDFILES\RELEASE\MOC_VSCZBTREEITEM.CPP
C:\WORK\60-VIDEO\VE\VEPRO\PRJ_WIN32\GENERATEDFILES\UI_VSCCAMERAADD.H
C:\WORK\60-VIDEO\VE\VEPRO\PRJ_WIN32\GENERATEDFILES\UI_VSCDEVICELIST.H
C:\WORK\60-VIDEO\VE\VEPRO\PRJ_WIN32\GENERATEDFILES\UI_VSCHDDDEVICE.H
C:\WORK\60-VIDEO\VE\VEPRO\PRJ_WIN32\GENERATEDFILES\UI_VSCHDDEDIT.H
C:\WORK\60-VIDEO\VE\VEPRO\PRJ_WIN32\GENERATEDFILES\UI_VSCHDDONE.H
C:\WORK\60-VIDEO\VE\VEPRO\PRJ_WIN32\GENERATEDFILES\UI_VSCLICENSE.H
C:\WORK\60-VIDEO\VE\VEPRO\PRJ_WIN32\GENERATEDFILES\UI_VSCMAINWINDOWS.H
C:\WORK\60-VIDEO\VE\VEPRO\PRJ_WIN32\GENERATEDFILES\UI_VSCPLAYBACK.H
C:\WORK\60-VIDEO\VE\VEPRO\PRJ_WIN32\GENERATEDFILES\UI_VSCPLAYCONTROL.H
C:\WORK\60-VIDEO\VE\VEPRO\PRJ_WIN32\GENERATEDFILES\UI_VSCRECORDERADD.H
C:\WORK\60-VIDEO\VE\VEPRO\PRJ_WIN32\GENERATEDFILES\UI_VSCRECORDERCONF.H
C:\WORK\60-VIDEO\VE\VEPRO\PRJ_WIN32\GENERATEDFILES\UI_VSCRECORDERONE.H
C:\WORK\60-VIDEO\VE\VEPRO\PRJ_WIN32\GENERATEDFILES\UI_VSCSEARCH.H
C:\WORK\60-VIDEO\VE\VEPRO\PRJ_WIN32\GENERATEDFILES\UI_VSCSEARCHPB.H
C:\WORK\60-VIDEO\VE\VEPRO\PRJ_WIN32\GENERATEDFILES\UI_VSCSETTING.H
C:\WORK\60-VIDEO\VE\VEPRO\PRJ_WIN32\GENERATEDFILES\UI_VSCSIMPLETL.H
C:\WORK\60-VIDEO\VE\VEPRO\PRJ_WIN32\GENERATEDFILES\UI_VSCSITEADD.H
C:\WORK\60-VIDEO\VE\VEPRO\PRJ_WIN32\GENERATEDFILES\UI_VSCTOOLBAR.H
C:\WORK\60-VIDEO\VE\VEPRO\PRJ_WIN32\GENERATEDFILES\UI_VSCVERSION.H
C:\WORK\60-VIDEO\VE\VEPRO\PRJ_WIN32\GENERATEDFILES\UI_VSCVIEW.H
C:\WORK\60-VIDEO\VE\VEPRO\PRJ_WIN32\GENERATEDFILES\UI_VSCVWIDGET.H
C:\work\60-video\ve\vepro\prj_win32\Release\cl.command.1.tlog
C:\work\60-video\ve\vepro\prj_win32\Release\CL.read.1.tlog
C:\work\60-video\ve\vepro\prj_win32\Release\CL.write.1.tlog
C:\work\60-video\ve\vepro\prj_win32\Release\custombuild.command.1.tlog
C:\work\60-video\ve\vepro\prj_win32\Release\custombuild.read.1.tlog
C:\work\60-video\ve\vepro\prj_win32\Release\custombuild.write.1.tlog
C:\work\60-video\ve\vepro\prj_win32\Release\link.10960.read.1.tlog
C:\work\60-video\ve\vepro\prj_win32\Release\link.10960.write.1.tlog
C:\work\60-video\ve\vepro\prj_win32\Release\link.10960-cvtres.read.1.tlog
C:\work\60-video\ve\vepro\prj_win32\Release\link.10960-cvtres.write.1.tlog
C:\work\60-video\ve\vepro\prj_win32\Release\link.4044.read.1.tlog
C:\work\60-video\ve\vepro\prj_win32\Release\link.4044.write.1.tlog
C:\work\60-video\ve\vepro\prj_win32\Release\link.4044-cvtres.read.1.tlog
C:\work\60-video\ve\vepro\prj_win32\Release\link.4044-cvtres.write.1.tlog
C:\work\60-video\ve\vepro\prj_win32\Release\link.command.1.tlog
C:\work\60-video\ve\vepro\prj_win32\Release\link.read.1.tlog
C:\work\60-video\ve\vepro\prj_win32\Release\link.write.1.tlog
C:\WORK\60-VIDEO\VE\VEPRO\PRJ_WIN32\RELEASE\MAIN.OBJ
C:\WORK\60-VIDEO\VE\VEPRO\PRJ_WIN32\RELEASE\MOC_FACTORY.OBJ
C:\WORK\60-VIDEO\VE\VEPRO\PRJ_WIN32\RELEASE\MOC_QNETWORKINFO.OBJ
C:\WORK\60-VIDEO\VE\VEPRO\PRJ_WIN32\RELEASE\MOC_QNETWORKINFO_WIN_P.OBJ
C:\WORK\60-VIDEO\VE\VEPRO\PRJ_WIN32\RELEASE\MOC_QSTORAGEINFO.OBJ
C:\WORK\60-VIDEO\VE\VEPRO\PRJ_WIN32\RELEASE\MOC_QSTORAGEINFO_WIN_P.OBJ
C:\WORK\60-VIDEO\VE\VEPRO\PRJ_WIN32\RELEASE\MOC_QWMIHELPER_WIN_P.OBJ
C:\WORK\60-VIDEO\VE\VEPRO\PRJ_WIN32\RELEASE\MOC_VIDEOWIDGET.OBJ
C:\WORK\60-VIDEO\VE\VEPRO\PRJ_WIN32\RELEASE\MOC_VSCCAMERAADD.OBJ
C:\WORK\60-VIDEO\VE\VEPRO\PRJ_WIN32\RELEASE\MOC_VSCDEVICELIST.OBJ
C:\WORK\60-VIDEO\VE\VEPRO\PRJ_WIN32\RELEASE\MOC_VSCDEVICETRASH.OBJ
C:\WORK\60-VIDEO\VE\VEPRO\PRJ_WIN32\RELEASE\MOC_VSCDEVICETREE.OBJ
C:\WORK\60-VIDEO\VE\VEPRO\PRJ_WIN32\RELEASE\MOC_VSCDOCKWIDGET.OBJ
C:\WORK\60-VIDEO\VE\VEPRO\PRJ_WIN32\RELEASE\MOC_VSCHDDDEVICE.OBJ
C:\WORK\60-VIDEO\VE\VEPRO\PRJ_WIN32\RELEASE\MOC_VSCHDDEDIT.OBJ
C:\WORK\60-VIDEO\VE\VEPRO\PRJ_WIN32\RELEASE\MOC_VSCHDDONE.OBJ
C:\WORK\60-VIDEO\VE\VEPRO\PRJ_WIN32\RELEASE\MOC_VSCLICENSE.OBJ
C:\WORK\60-VIDEO\VE\VEPRO\PRJ_WIN32\RELEASE\MOC_VSCMAINWINDOWS.OBJ
C:\WORK\60-VIDEO\VE\VEPRO\PRJ_WIN32\RELEASE\MOC_VSCPBTHREAD.OBJ
C:\WORK\60-VIDEO\VE\VEPRO\PRJ_WIN32\RELEASE\MOC_VSCPLAYBACK.OBJ
C:\WORK\60-VIDEO\VE\VEPRO\PRJ_WIN32\RELEASE\MOC_VSCPLAYCONTROL.OBJ
C:\WORK\60-VIDEO\VE\VEPRO\PRJ_WIN32\RELEASE\MOC_VSCRECORDER.OBJ
C:\WORK\60-VIDEO\VE\VEPRO\PRJ_WIN32\RELEASE\MOC_VSCRECORDERADD.OBJ
C:\WORK\60-VIDEO\VE\VEPRO\PRJ_WIN32\RELEASE\MOC_VSCRECORDERCONF.OBJ
C:\WORK\60-VIDEO\VE\VEPRO\PRJ_WIN32\RELEASE\MOC_VSCRECORDERONE.OBJ
C:\WORK\60-VIDEO\VE\VEPRO\PRJ_WIN32\RELEASE\MOC_VSCRECORDERPANEL.OBJ
C:\WORK\60-VIDEO\VE\VEPRO\PRJ_WIN32\RELEASE\MOC_VSCSEARCH.OBJ
C:\WORK\60-VIDEO\VE\VEPRO\PRJ_WIN32\RELEASE\MOC_VSCSEARCHPB.OBJ
C:\WORK\60-VIDEO\VE\VEPRO\PRJ_WIN32\RELEASE\MOC_VSCSETTING.OBJ
C:\WORK\60-VIDEO\VE\VEPRO\PRJ_WIN32\RELEASE\MOC_VSCSIMPLETL.OBJ
C:\WORK\60-VIDEO\VE\VEPRO\PRJ_WIN32\RELEASE\MOC_VSCSITEADD.OBJ
C:\WORK\60-VIDEO\VE\VEPRO\PRJ_WIN32\RELEASE\MOC_VSCTOOLBAR.OBJ
C:\WORK\60-VIDEO\VE\VEPRO\PRJ_WIN32\RELEASE\MOC_VSCVERSION.OBJ
C:\WORK\60-VIDEO\VE\VEPRO\PRJ_WIN32\RELEASE\MOC_VSCVIDEOWALL.OBJ
C:\WORK\60-VIDEO\VE\VEPRO\PRJ_WIN32\RELEASE\MOC_VSCVIEW.OBJ
C:\WORK\60-VIDEO\VE\VEPRO\PRJ_WIN32\RELEASE\MOC_VSCVMS.OBJ
C:\WORK\60-VIDEO\VE\VEPRO\PRJ_WIN32\RELEASE\MOC_VSCVWIDGET.OBJ
C:\WORK\60-VIDEO\VE\VEPRO\PRJ_WIN32\RELEASE\MOC_VSCZBTREEITEM.OBJ
C:\work\60-video\ve\vepro\prj_win32\Release\mt.command.1.tlog
C:\work\60-video\ve\vepro\prj_win32\Release\mt.read.1.tlog
C:\work\60-video\ve\vepro\prj_win32\Release\mt.write.1.tlog
C:\WORK\60-VIDEO\VE\VEPRO\PRJ_WIN32\RELEASE\QNETWORKINFO.OBJ
C:\WORK\60-VIDEO\VE\VEPRO\PRJ_WIN32\RELEASE\QNETWORKINFO_WIN.OBJ
C:\WORK\60-VIDEO\VE\VEPRO\PRJ_WIN32\RELEASE\QRC_STYLE.OBJ
C:\WORK\60-VIDEO\VE\VEPRO\PRJ_WIN32\RELEASE\QRC_VSCMAINWINDOWS.OBJ
C:\WORK\60-VIDEO\VE\VEPRO\PRJ_WIN32\RELEASE\QSTORAGEINFO.OBJ
C:\WORK\60-VIDEO\VE\VEPRO\PRJ_WIN32\RELEASE\QSTORAGEINFO_WIN.OBJ
C:\WORK\60-VIDEO\VE\VEPRO\PRJ_WIN32\RELEASE\QWMIHELPER_WIN.OBJ
C:\work\60-video\ve\vepro\prj_win32\Release\rc.command.1.tlog
C:\work\60-video\ve\vepro\prj_win32\Release\rc.read.1.tlog
C:\work\60-video\ve\vepro\prj_win32\Release\rc.write.1.tlog
C:\WORK\60-VIDEO\VE\VEPRO\PRJ_WIN32\RELEASE\VIDEOWIDGET.OBJ
C:\WORK\60-VIDEO\VE\VEPRO\PRJ_WIN32\RELEASE\VSCCAMERAADD.OBJ
C:\WORK\60-VIDEO\VE\VEPRO\PRJ_WIN32\RELEASE\VSCDEVICEIPC.OBJ
C:\WORK\60-VIDEO\VE\VEPRO\PRJ_WIN32\RELEASE\VSCDEVICELIST.OBJ
C:\WORK\60-VIDEO\VE\VEPRO\PRJ_WIN32\RELEASE\VSCDEVICETRASH.OBJ
C:\WORK\60-VIDEO\VE\VEPRO\PRJ_WIN32\RELEASE\VSCDEVICETREE.OBJ
C:\WORK\60-VIDEO\VE\VEPRO\PRJ_WIN32\RELEASE\VSCDOCKWIDGET.OBJ
C:\WORK\60-VIDEO\VE\VEPRO\PRJ_WIN32\RELEASE\VSCHDDDEVICE.OBJ
C:\WORK\60-VIDEO\VE\VEPRO\PRJ_WIN32\RELEASE\VSCHDDEDIT.OBJ
C:\WORK\60-VIDEO\VE\VEPRO\PRJ_WIN32\RELEASE\VSCHDDONE.OBJ
C:\WORK\60-VIDEO\VE\VEPRO\PRJ_WIN32\RELEASE\VSCLICENSE.OBJ
C:\WORK\60-VIDEO\VE\VEPRO\PRJ_WIN32\RELEASE\VSCLOUDNODE.EXE.INTERMEDIATE.MANIFEST
C:\WORK\60-VIDEO\VE\VEPRO\PRJ_WIN32\RELEASE\VSCLOUDNODE.RES
C:\work\60-video\ve\vepro\prj_win32\Release\VSCloudNode.vcxprojResolveAssemblyReference.cache
C:\work\60-video\ve\vepro\prj_win32\Release\VSCloudNode.write.1.tlog
C:\WORK\60-VIDEO\VE\VEPRO\PRJ_WIN32\RELEASE\VSCMAINWINDOWS.OBJ
C:\WORK\60-VIDEO\VE\VEPRO\PRJ_WIN32\RELEASE\VSCPBTHREAD.OBJ
C:\WORK\60-VIDEO\VE\VEPRO\PRJ_WIN32\RELEASE\VSCPLAYBACK.OBJ
C:\WORK\60-VIDEO\VE\VEPRO\PRJ_WIN32\RELEASE\VSCPLAYCONTROL.OBJ
C:\WORK\60-VIDEO\VE\VEPRO\PRJ_WIN32\RELEASE\VSCRECORDER.OBJ
C:\WORK\60-VIDEO\VE\VEPRO\PRJ_WIN32\RELEASE\VSCRECORDERADD.OBJ
C:\WORK\60-VIDEO\VE\VEPRO\PRJ_WIN32\RELEASE\VSCRECORDERCONF.OBJ
C:\WORK\60-VIDEO\VE\VEPRO\PRJ_WIN32\RELEASE\VSCRECORDERONE.OBJ
C:\WORK\60-VIDEO\VE\VEPRO\PRJ_WIN32\RELEASE\VSCRECORDERPANEL.OBJ
C:\WORK\60-VIDEO\VE\VEPRO\PRJ_WIN32\RELEASE\VSCSEARCH.OBJ
C:\WORK\60-VIDEO\VE\VEPRO\PRJ_WIN32\RELEASE\VSCSEARCHPB.OBJ
C:\WORK\60-VIDEO\VE\VEPRO\PRJ_WIN32\RELEASE\VSCSETTING.OBJ
C:\WORK\60-VIDEO\VE\VEPRO\PRJ_WIN32\RELEASE\VSCSIMPLETL.OBJ
C:\WORK\60-VIDEO\VE\VEPRO\PRJ_WIN32\RELEASE\VSCSITEADD.OBJ
C:\WORK\60-VIDEO\VE\VEPRO\PRJ_WIN32\RELEASE\VSCTOOBAR.OBJ
C:\WORK\60-VIDEO\VE\VEPRO\PRJ_WIN32\RELEASE\VSCVERSION.OBJ
C:\WORK\60-VIDEO\VE\VEPRO\PRJ_WIN32\RELEASE\VSCVIDEOWALL.OBJ
C:\WORK\60-VIDEO\VE\VEPRO\PRJ_WIN32\RELEASE\VSCVIEW.OBJ
C:\WORK\60-VIDEO\VE\VEPRO\PRJ_WIN32\RELEASE\VSCVMS.OBJ
C:\WORK\60-VIDEO\VE\VEPRO\PRJ_WIN32\RELEASE\VSCVWIDGET.OBJ
C:\WORK\60-VIDEO\VE\VEPRO\PRJ_WIN32\RELEASE\VSCZBTREEITEM.OBJ
C:\WORK\60-VIDEO\VE\VEPRO\PRJ_WIN32\WIN32\RELEASE\VDCEYE MANAGER.EXE
C:\work\60-video\ve\vepro\prj_win32\Win32\Release\VSCloudNode.exp
C:\work\60-video\ve\vepro\prj_win32\Win32\Release\VSCloudNode.lib
