d:\60-ffvideo\svnwork\veapp\prj_win32\debug\vc120.pdb
d:\60-ffvideo\svnwork\veapp\prj_win32\debug\vc120.idb
d:\60-ffvideo\svnwork\veapp\prj_win32\debug\vsctoobar.obj
d:\60-ffvideo\svnwork\veapp\prj_win32\debug\vscsearch.obj
d:\60-ffvideo\svnwork\veapp\prj_win32\debug\vscplaycontrol.obj
d:\60-ffvideo\svnwork\veapp\prj_win32\debug\vscplayback.obj
d:\60-ffvideo\svnwork\veapp\prj_win32\debug\vscpaneltaskitem.obj
d:\60-ffvideo\svnwork\veapp\prj_win32\debug\vscpanel.obj
d:\60-ffvideo\svnwork\veapp\prj_win32\debug\vscmainwindows.obj
d:\60-ffvideo\svnwork\veapp\prj_win32\debug\vscipcgroupmap.obj
d:\60-ffvideo\svnwork\veapp\prj_win32\debug\vscipcgroupconf.obj
d:\60-ffvideo\svnwork\veapp\prj_win32\debug\vscdockwidget.obj
d:\60-ffvideo\svnwork\veapp\prj_win32\debug\vscdevicetree.obj
d:\60-ffvideo\svnwork\veapp\prj_win32\debug\vscdevicetrash.obj
d:\60-ffvideo\svnwork\veapp\prj_win32\debug\vscdevicelist.obj
d:\60-ffvideo\svnwork\veapp\prj_win32\debug\vscdeviceipc.obj
d:\60-ffvideo\svnwork\veapp\prj_win32\debug\vsccameraadd.obj
d:\60-ffvideo\svnwork\veapp\prj_win32\debug\main.obj
d:\60-ffvideo\svnwork\veapp\prj_win32\debug\vschddoneedit.obj
d:\60-ffvideo\svnwork\veapp\prj_win32\debug\vschddone.obj
d:\60-ffvideo\svnwork\veapp\prj_win32\debug\vschddedit.obj
d:\60-ffvideo\svnwork\veapp\prj_win32\debug\vschdddevice.obj
d:\60-ffvideo\svnwork\veapp\prj_win32\debug\moc_cmnoapiserver.obj
d:\60-ffvideo\svnwork\veapp\prj_win32\debug\vscvms.obj
d:\60-ffvideo\svnwork\veapp\prj_win32\debug\vscsiteadd.obj
d:\60-ffvideo\svnwork\veapp\prj_win32\debug\vscvideosetting.obj
d:\60-ffvideo\svnwork\veapp\prj_win32\debug\vscversion.obj
d:\60-ffvideo\svnwork\veapp\prj_win32\debug\vscuserstatus.obj
d:\60-ffvideo\svnwork\veapp\prj_win32\debug\vscuser.obj
d:\60-ffvideo\svnwork\veapp\prj_win32\debug\vscsetting.obj
d:\60-ffvideo\svnwork\veapp\prj_win32\debug\vscrtsprtp.obj
d:\60-ffvideo\svnwork\veapp\prj_win32\debug\vscoapi.obj
d:\60-ffvideo\svnwork\veapp\prj_win32\debug\vscminingsetting.obj
d:\60-ffvideo\svnwork\veapp\prj_win32\debug\vsclogin.obj
d:\60-ffvideo\svnwork\veapp\prj_win32\debug\vsclicense.obj
d:\60-ffvideo\svnwork\veapp\prj_win32\debug\vsclanguage.obj
d:\60-ffvideo\svnwork\veapp\prj_win32\debug\vschdfsrecord.obj
d:\60-ffvideo\svnwork\veapp\prj_win32\debug\switchbutton.obj
d:\60-ffvideo\svnwork\veapp\prj_win32\debug\vscvipcadd.obj
d:\60-ffvideo\svnwork\veapp\prj_win32\debug\vscvipc.obj
d:\60-ffvideo\svnwork\veapp\prj_win32\debug\vscviewconf.obj
d:\60-ffvideo\svnwork\veapp\prj_win32\debug\vscview.obj
d:\60-ffvideo\svnwork\veapp\prj_win32\debug\moc_vscmainwindows.obj
d:\60-ffvideo\svnwork\veapp\prj_win32\debug\moc_vsclogin.obj
d:\60-ffvideo\svnwork\veapp\prj_win32\debug\moc_vsclicense.obj
d:\60-ffvideo\svnwork\veapp\prj_win32\debug\moc_vsclanguage.obj
d:\60-ffvideo\svnwork\veapp\prj_win32\debug\moc_vscipcgroupmap.obj
d:\60-ffvideo\svnwork\veapp\prj_win32\debug\moc_vscipcgroupconf.obj
d:\60-ffvideo\svnwork\veapp\prj_win32\debug\moc_vschdfsrecord.obj
d:\60-ffvideo\svnwork\veapp\prj_win32\debug\moc_vschddoneedit.obj
d:\60-ffvideo\svnwork\veapp\prj_win32\debug\moc_vschddone.obj
d:\60-ffvideo\svnwork\veapp\prj_win32\debug\moc_vschddedit.obj
d:\60-ffvideo\svnwork\veapp\prj_win32\debug\moc_vschdddevice.obj
d:\60-ffvideo\svnwork\veapp\prj_win32\debug\moc_vscdockwidget.obj
d:\60-ffvideo\svnwork\veapp\prj_win32\debug\moc_vscdevicetree.obj
d:\60-ffvideo\svnwork\veapp\prj_win32\debug\moc_vscdevicetrash.obj
d:\60-ffvideo\svnwork\veapp\prj_win32\debug\moc_vscdevicelist.obj
d:\60-ffvideo\svnwork\veapp\prj_win32\debug\moc_vsccameraadd.obj
d:\60-ffvideo\svnwork\veapp\prj_win32\debug\moc_switchbutton.obj
d:\60-ffvideo\svnwork\veapp\prj_win32\debug\moc_mframework.obj
d:\60-ffvideo\svnwork\veapp\prj_win32\debug\moc_factory.obj
d:\60-ffvideo\svnwork\veapp\prj_win32\debug\moc_cmnserver.obj
d:\60-ffvideo\svnwork\veapp\prj_win32\debug\moc_vscvms.obj
d:\60-ffvideo\svnwork\veapp\prj_win32\debug\moc_vscvipcadd.obj
d:\60-ffvideo\svnwork\veapp\prj_win32\debug\moc_vscviewconf.obj
d:\60-ffvideo\svnwork\veapp\prj_win32\debug\moc_vscview.obj
d:\60-ffvideo\svnwork\veapp\prj_win32\debug\moc_vscvideosetting.obj
d:\60-ffvideo\svnwork\veapp\prj_win32\debug\moc_vscversion.obj
d:\60-ffvideo\svnwork\veapp\prj_win32\debug\moc_vscuserstatus.obj
d:\60-ffvideo\svnwork\veapp\prj_win32\debug\moc_vscuser.obj
d:\60-ffvideo\svnwork\veapp\prj_win32\debug\moc_vsctoolbar.obj
d:\60-ffvideo\svnwork\veapp\prj_win32\debug\moc_vscsiteadd.obj
d:\60-ffvideo\svnwork\veapp\prj_win32\debug\moc_vscsetting.obj
d:\60-ffvideo\svnwork\veapp\prj_win32\debug\moc_vscsearch.obj
d:\60-ffvideo\svnwork\veapp\prj_win32\debug\moc_vscrtsprtp.obj
d:\60-ffvideo\svnwork\veapp\prj_win32\debug\moc_vscplaycontrol.obj
d:\60-ffvideo\svnwork\veapp\prj_win32\debug\moc_vscplayback.obj
d:\60-ffvideo\svnwork\veapp\prj_win32\debug\moc_vscpaneltaskitem.obj
d:\60-ffvideo\svnwork\veapp\prj_win32\debug\moc_vscpanel.obj
d:\60-ffvideo\svnwork\veapp\prj_win32\debug\moc_vscoapi.obj
d:\60-ffvideo\svnwork\veapp\prj_win32\debug\moc_vscminingsetting.obj
d:\60-ffvideo\svnwork\veapp\prj_win32\debug\qrc_vscmainwindows.obj
d:\60-ffvideo\svnwork\veapp\prj_win32\debug\qrc_style.obj
d:\60-ffvideo\svnwork\veapp\prj_win32\generatedfiles\debug\moc_vscdevicelist.cpp
d:\60-ffvideo\svnwork\veapp\prj_win32\generatedfiles\debug\moc_vscdockwidget.cpp
d:\60-ffvideo\svnwork\veapp\prj_win32\generatedfiles\debug\moc_vscmainwindows.cpp
d:\60-ffvideo\svnwork\veapp\prj_win32\generatedfiles\debug\moc_vscdevicetree.cpp
d:\60-ffvideo\svnwork\veapp\prj_win32\generatedfiles\debug\moc_vsccameraadd.cpp
d:\60-ffvideo\svnwork\veapp\prj_win32\generatedfiles\debug\moc_vscdevicetrash.cpp
d:\60-ffvideo\svnwork\veapp\prj_win32\generatedfiles\debug\moc_vscsearch.cpp
d:\60-ffvideo\svnwork\veapp\prj_win32\generatedfiles\debug\moc_vscplaycontrol.cpp
d:\60-ffvideo\svnwork\veapp\prj_win32\generatedfiles\debug\moc_vscplayback.cpp
d:\60-ffvideo\svnwork\veapp\prj_win32\generatedfiles\debug\moc_vsctoolbar.cpp
d:\60-ffvideo\svnwork\veapp\prj_win32\generatedfiles\debug\moc_vscsetting.cpp
d:\60-ffvideo\svnwork\veapp\prj_win32\generatedfiles\debug\moc_vschdddevice.cpp
d:\60-ffvideo\svnwork\veapp\prj_win32\generatedfiles\debug\moc_vschddone.cpp
d:\60-ffvideo\svnwork\veapp\prj_win32\generatedfiles\debug\moc_vschddedit.cpp
d:\60-ffvideo\svnwork\veapp\prj_win32\generatedfiles\debug\moc_vsclicense.cpp
d:\60-ffvideo\svnwork\veapp\prj_win32\generatedfiles\debug\moc_vscversion.cpp
d:\60-ffvideo\svnwork\veapp\prj_win32\generatedfiles\debug\moc_vschddoneedit.cpp
d:\60-ffvideo\svnwork\veapp\prj_win32\generatedfiles\debug\moc_vscipcgroupconf.cpp
d:\60-ffvideo\svnwork\veapp\prj_win32\generatedfiles\debug\moc_vscipcgroupmap.cpp
d:\60-ffvideo\svnwork\veapp\prj_win32\generatedfiles\debug\moc_vscviewconf.cpp
d:\60-ffvideo\svnwork\veapp\prj_win32\generatedfiles\debug\moc_cmnserver.cpp
d:\60-ffvideo\svnwork\veapp\prj_win32\generatedfiles\debug\moc_cmnoapiserver.cpp
d:\60-ffvideo\svnwork\veapp\prj_win32\generatedfiles\debug\moc_mframework.cpp
d:\60-ffvideo\svnwork\veapp\prj_win32\generatedfiles\debug\moc_vscpaneltaskitem.cpp
d:\60-ffvideo\svnwork\veapp\prj_win32\generatedfiles\debug\moc_vscvipcadd.cpp
d:\60-ffvideo\svnwork\veapp\prj_win32\generatedfiles\debug\moc_vscsiteadd.cpp
d:\60-ffvideo\svnwork\veapp\prj_win32\generatedfiles\debug\moc_vscvms.cpp
d:\60-ffvideo\svnwork\veapp\prj_win32\generatedfiles\debug\moc_vscuser.cpp
d:\60-ffvideo\svnwork\veapp\prj_win32\generatedfiles\debug\moc_vscuserstatus.cpp
d:\60-ffvideo\svnwork\veapp\prj_win32\generatedfiles\debug\moc_vschdfsrecord.cpp
d:\60-ffvideo\svnwork\veapp\prj_win32\generatedfiles\debug\moc_vscrtsprtp.cpp
d:\60-ffvideo\svnwork\veapp\prj_win32\generatedfiles\debug\moc_vsclanguage.cpp
d:\60-ffvideo\svnwork\veapp\prj_win32\generatedfiles\debug\moc_vsclogin.cpp
d:\60-ffvideo\svnwork\veapp\prj_win32\generatedfiles\debug\moc_vscoapi.cpp
d:\60-ffvideo\svnwork\veapp\prj_win32\generatedfiles\debug\moc_vscvideosetting.cpp
d:\60-ffvideo\svnwork\veapp\prj_win32\generatedfiles\debug\moc_vscminingsetting.cpp
d:\60-ffvideo\svnwork\veapp\prj_win32\generatedfiles\debug\moc_switchbutton.cpp
d:\60-ffvideo\svnwork\veapp\prj_win32\generatedfiles\ui_vscmainwindows.h
d:\60-ffvideo\svnwork\veapp\prj_win32\generatedfiles\ui_vsccameraadd.h
d:\60-ffvideo\svnwork\veapp\prj_win32\generatedfiles\ui_vscsearch.h
d:\60-ffvideo\svnwork\veapp\prj_win32\generatedfiles\ui_vscplaycontrol.h
d:\60-ffvideo\svnwork\veapp\prj_win32\generatedfiles\ui_vscplayback.h
d:\60-ffvideo\svnwork\veapp\prj_win32\generatedfiles\ui_vsctoolbar.h
d:\60-ffvideo\svnwork\veapp\prj_win32\generatedfiles\ui_vscsetting.h
d:\60-ffvideo\svnwork\veapp\prj_win32\generatedfiles\ui_vschdddevice.h
d:\60-ffvideo\svnwork\veapp\prj_win32\generatedfiles\ui_vschddone.h
d:\60-ffvideo\svnwork\veapp\prj_win32\generatedfiles\ui_vschddedit.h
d:\60-ffvideo\svnwork\veapp\prj_win32\generatedfiles\qrc_style.cpp
d:\60-ffvideo\svnwork\veapp\prj_win32\generatedfiles\ui_vschddoneedit.h
d:\60-ffvideo\svnwork\veapp\prj_win32\generatedfiles\ui_vsclicense.h
d:\60-ffvideo\svnwork\veapp\prj_win32\generatedfiles\ui_vscversion.h
d:\60-ffvideo\svnwork\veapp\prj_win32\generatedfiles\ui_vscsiteadd.h
d:\60-ffvideo\svnwork\veapp\prj_win32\generatedfiles\ui_vscvipcadd.h
d:\60-ffvideo\svnwork\veapp\prj_win32\generatedfiles\ui_vscipcgroupconf.h
d:\60-ffvideo\svnwork\veapp\prj_win32\generatedfiles\ui_vscipcgroupmap.h
d:\60-ffvideo\svnwork\veapp\prj_win32\generatedfiles\ui_vscuser.h
d:\60-ffvideo\svnwork\veapp\prj_win32\generatedfiles\ui_vscuserstatus.h
d:\60-ffvideo\svnwork\veapp\prj_win32\generatedfiles\ui_vscviewconf.h
d:\60-ffvideo\svnwork\veapp\prj_win32\generatedfiles\ui_vschdfsrecord.h
d:\60-ffvideo\svnwork\veapp\prj_win32\generatedfiles\ui_vscrtsprtp.h
d:\60-ffvideo\svnwork\veapp\prj_win32\generatedfiles\ui_vsclanguage.h
d:\60-ffvideo\svnwork\veapp\prj_win32\generatedfiles\ui_vsclogin.h
d:\60-ffvideo\svnwork\veapp\prj_win32\generatedfiles\ui_vscoapi.h
d:\60-ffvideo\svnwork\veapp\prj_win32\generatedfiles\ui_vscvideosetting.h
d:\60-ffvideo\svnwork\veapp\prj_win32\generatedfiles\ui_vscminingsetting.h
d:\60-ffvideo\svnwork\veapp\prj_win32\generatedfiles\ui_vscpaneltaskitem.h
d:\60-ffvideo\svnwork\veapp\prj_win32\generatedfiles\ui_vscdevicelist.h
d:\60-ffvideo\svnwork\veapp\prj_win32\generatedfiles\debug\moc_vscpanel.cpp
d:\60-ffvideo\svnwork\veapp\prj_win32\generatedfiles\ui_vscpanel.h
d:\60-ffvideo\svnwork\veapp\prj_win32\generatedfiles\debug\moc_vscview.cpp
d:\60-ffvideo\svnwork\veapp\prj_win32\generatedfiles\qrc_vscmainwindows.cpp
d:\60-ffvideo\svnwork\veapp\prj_win32\generatedfiles\ui_vscview.h
d:\60-ffvideo\svnwork\veapp\prj_win32\generatedfiles\debug\moc_factory.cpp
d:\60-ffvideo\svnwork\veapp\prj_win32\win32\debug\opencvr.ilk
d:\60-ffvideo\svnwork\veapp\prj_win32\win32\debug\opencvr.exe
d:\60-ffvideo\svnwork\veapp\prj_win32\win32\debug\vscloudnode.pdb
d:\60-ffvideo\svnwork\veapp\prj_win32\debug\vscloudnode.res
d:\60-ffvideo\svnwork\veapp\prj_win32\win32\debug\vscloudnode.lib
d:\60-ffvideo\svnwork\veapp\prj_win32\win32\debug\vscloudnode.exp
d:\60-ffvideo\svnwork\veapp\prj_win32\debug\vscloudnode.tlog\cl.command.1.tlog
d:\60-ffvideo\svnwork\veapp\prj_win32\debug\vscloudnode.tlog\cl.read.1.tlog
d:\60-ffvideo\svnwork\veapp\prj_win32\debug\vscloudnode.tlog\cl.write.1.tlog
d:\60-ffvideo\svnwork\veapp\prj_win32\debug\vscloudnode.tlog\custombuild.command.1.tlog
d:\60-ffvideo\svnwork\veapp\prj_win32\debug\vscloudnode.tlog\custombuild.read.1.tlog
d:\60-ffvideo\svnwork\veapp\prj_win32\debug\vscloudnode.tlog\custombuild.write.1.tlog
d:\60-ffvideo\svnwork\veapp\prj_win32\debug\vscloudnode.tlog\link.command.1.tlog
d:\60-ffvideo\svnwork\veapp\prj_win32\debug\vscloudnode.tlog\link.read.1.tlog
d:\60-ffvideo\svnwork\veapp\prj_win32\debug\vscloudnode.tlog\link.write.1.tlog
d:\60-ffvideo\svnwork\veapp\prj_win32\debug\vscloudnode.tlog\rc.command.1.tlog
d:\60-ffvideo\svnwork\veapp\prj_win32\debug\vscloudnode.tlog\rc.read.1.tlog
d:\60-ffvideo\svnwork\veapp\prj_win32\debug\vscloudnode.tlog\rc.write.1.tlog
d:\60-ffvideo\svnwork\veapp\prj_win32\debug\vscloudnode.tlog\vscloudnode.write.1u.tlog
