Build started 2015-03-08 19:59:18.
     1>Project "C:\work\60-video\ve\opencvr\mining\moduletmpl\prj_win32\moduletmpl2010.vcxproj" on node 2 (build target(s)).
     1>InitializeBuildStatus:
         Creating "Debug\moduletmpl2010.unsuccessfulbuild" because "AlwaysCreate" was specified.
       ClCompile:
         c:\Program Files (x86)\Microsoft Visual Studio 10.0\VC\bin\CL.exe /c /I..\include\ /I..\..\include\ /I..\..\..\velib\include\utility /I..\..\..\3rdparty\poco\Foundation\include /ZI /nologo /W3 /WX- /Od /Oy- /D VE_EXPORTS /D _WINDLL /D _UNICODE /D UNICODE /Gm /EHsc /RTC1 /MDd /GS /fp:precise /Zc:wchar_t /Zc:forScope /Fo"Debug\\" /Fd"Debug\vc100.pdb" /Gd /TP /analyze- /errorReport:prompt ..\source\moduletmpl.cpp
         moduletmpl.cpp
       Link:
         c:\Program Files (x86)\Microsoft Visual Studio 10.0\VC\bin\link.exe /ERRORREPORT:PROMPT /OUT:"..\lib\win32\Debug\mplugin-tmpl.dll" /NOLOGO /LIBPATH:..\..\..\3rdparty\poco\lib kernel32.lib user32.lib gdi32.lib winspool.lib comdlg32.lib advapi32.lib shell32.lib ole32.lib oleaut32.lib uuid.lib odbc32.lib odbccp32.lib /MANIFEST /ManifestFile:"Debug\mplugin-tmpl.dll.intermediate.manifest" /MANIFESTUAC:"level='asInvoker' uiAccess='false'" /DEBUG /PDB:"C:\work\60-video\ve\opencvr\mining\moduletmpl\lib\win32\Debug\mplugin-tmpl.pdb" /TLBID:1 /DYNAMICBASE /NXCOMPAT /IMPLIB:"..\lib\win32\Debug\mplugin-tmpl.lib" /MACHINE:X86 /DLL Debug\moduletmpl.obj
         LINK : ..\lib\win32\Debug\mplugin-tmpl.dll not found or not built by the last incremental link; performing full link
            Creating library ..\lib\win32\Debug\mplugin-tmpl.lib and object ..\lib\win32\Debug\mplugin-tmpl.exp
         moduletmpl2010.vcxproj -> C:\work\60-video\ve\opencvr\mining\moduletmpl\prj_win32\..\lib\win32\Debug\mplugin-tmpl.dll
       Manifest:
         C:\Program Files (x86)\Microsoft SDKs\Windows\v7.0A\bin\mt.exe /nologo /verbose /outputresource:"..\lib\win32\Debug\mplugin-tmpl.dll;#2" /manifest "Debug\mplugin-tmpl.dll.intermediate.manifest"
       PostBuildEvent:
         copy /y ..\lib\win32\Debug\mplugin-tmpl.dll  ..\..\..\veapp\prj_win32\Win32\Debug\mplugins\moduletmpl
         :VCEnd
         已复制         1 个文件。
       FinalizeBuildStatus:
         Deleting file "Debug\moduletmpl2010.unsuccessfulbuild".
         Touching "Debug\moduletmpl2010.lastbuildstate".
     1>Done Building Project "C:\work\60-video\ve\opencvr\mining\moduletmpl\prj_win32\moduletmpl2010.vcxproj" (build target(s)).

Build succeeded.

Time Elapsed 00:00:02.78
